2017-05-30 09:50:47 [@intranet]
Interne #1 : Démarrage createinquest
2017-05-30 12:28:41 [@intranet]
Interne #1 : Démarrage watcher
2017-05-30 16:14:13 [@intranet]
Interne #1 : Démarrage ticketrecurrent
2017-06-06 00:12:55 [@intranet]
Interne #1 : Démarrage planningrecall
2017-06-12 11:36:18 [@intranet]
Interne #1 : Démarrage queuedmail
2017-06-12 11:36:33 [@intranet]
Interne #1 : Démarrage queuedmailclean
2017-06-12 11:41:45 [2@intranet]
Interne #1 : Démarrage temp
2017-06-12 11:59:28 [2@intranet]
Interne #1 : Démarrage mailgateerror
2017-06-12 14:46:10 [@intranet]
Interne #1 : Démarrage contract
2017-06-12 14:46:19 [@intranet]
Interne #1 : Démarrage infocom
2017-06-12 14:58:11 [2@intranet]
Interne #1 : Démarrage optimize
2017-06-12 15:07:43 [2@intranet]
Interne #1 : Démarrage mailgate
